TN:
SF:src\biblioteca.js
FN:2,(anonymous_0)
FN:7,(anonymous_1)
FN:11,(anonymous_2)
FN:12,(anonymous_3)
FN:15,(anonymous_4)
FN:16,(anonymous_5)
FN:19,(anonymous_6)
FN:20,(anonymous_7)
FN:23,(anonymous_8)
FN:27,(anonymous_9)
FN:31,(anonymous_10)
FN:32,(anonymous_11)
FN:35,(anonymous_12)
FN:36,(anonymous_13)
FN:39,(anonymous_14)
FN:43,(anonymous_15)
FN:54,(anonymous_16)
FN:64,(anonymous_17)
FN:65,(anonymous_18)
FN:68,(anonymous_19)
FN:69,(anonymous_20)
FN:72,(anonymous_21)
FN:76,(anonymous_22)
FN:80,(anonymous_23)
FN:81,(anonymous_24)
FN:84,(anonymous_25)
FN:85,(anonymous_26)
FN:88,(anonymous_27)
FN:100,(anonymous_28)
FN:101,(anonymous_29)
FN:104,(anonymous_30)
FNF:31
FNH:30
FNDA:21,(anonymous_0)
FNDA:43,(anonymous_1)
FNDA:1,(anonymous_2)
FNDA:2,(anonymous_3)
FNDA:18,(anonymous_4)
FNDA:20,(anonymous_5)
FNDA:1,(anonymous_6)
FNDA:2,(anonymous_7)
FNDA:1,(anonymous_8)
FNDA:43,(anonymous_9)
FNDA:1,(anonymous_10)
FNDA:2,(anonymous_11)
FNDA:11,(anonymous_12)
FNDA:17,(anonymous_13)
FNDA:0,(anonymous_14)
FNDA:8,(anonymous_15)
FNDA:2,(anonymous_16)
FNDA:1,(anonymous_17)
FNDA:2,(anonymous_18)
FNDA:1,(anonymous_19)
FNDA:2,(anonymous_20)
FNDA:1,(anonymous_21)
FNDA:1,(anonymous_22)
FNDA:1,(anonymous_23)
FNDA:2,(anonymous_24)
FNDA:1,(anonymous_25)
FNDA:2,(anonymous_26)
FNDA:2,(anonymous_27)
FNDA:1,(anonymous_28)
FNDA:2,(anonymous_29)
FNDA:1,(anonymous_30)
DA:3,21
DA:4,21
DA:8,43
DA:12,2
DA:16,20
DA:20,2
DA:24,1
DA:28,43
DA:32,2
DA:36,17
DA:40,0
DA:44,8
DA:45,8
DA:46,8
DA:47,5
DA:48,5
DA:49,5
DA:51,3
DA:55,2
DA:56,2
DA:57,1
DA:58,1
DA:59,1
DA:61,1
DA:65,2
DA:69,2
DA:73,1
DA:77,1
DA:81,2
DA:85,2
DA:89,2
DA:90,2
DA:91,2
DA:92,1
DA:94,2
DA:95,1
DA:101,2
DA:105,1
DA:106,1
DA:107,1
DA:108,1
DA:114,1
LF:42
LH:41
BRDA:46,0,0,5
BRDA:46,0,1,3
BRDA:46,1,0,8
BRDA:46,1,1,7
BRDA:46,1,2,6
BRDA:56,2,0,1
BRDA:56,2,1,1
BRDA:56,3,0,2
BRDA:56,3,1,2
BRDA:90,4,0,2
BRDA:90,4,1,0
BRDA:91,5,0,1
BRDA:91,5,1,1
BRDA:91,6,0,2
BRDA:91,6,1,1
BRDA:94,7,0,1
BRDA:94,7,1,1
BRDA:94,8,0,2
BRDA:94,8,1,2
BRDA:106,9,0,1
BRDA:106,9,1,0
BRDA:107,10,0,1
BRDA:107,10,1,0
BRDA:107,11,0,1
BRDA:107,11,1,1
BRF:25
BRH:22
end_of_record
